make[1]: Entering directory '/home/cursed4d/jandax/platina/out'
/bin/sh: 1: ld.lld: not found
/bin/sh: 1: ld.lld: not found
/bin/sh: 1: ld.lld: not found
/bin/sh: 1: ld.lld: not found
/bin/sh: 1: ld.lld: not found
/bin/sh: 1: ld.lld: not found
  GEN     ./Makefile
/bin/sh: 1: ld.lld: not found
/bin/sh: 1: ld.lld: not found
scripts/kconfig/conf  --silentoldconfig Kconfig
/bin/sh: 1: ld.lld: not found
/bin/sh: 1: ld.lld: not found
/home/cursed4d/jandax/platina/Makefile:766: Cannot use CONFIG_CC_STACKPROTECTOR_STRONG: -fstack-protector-strong not supported by compiler
/bin/sh: 1: ld.lld: not found
  CHK     include/config/kernel.release
  GEN     ./Makefile
/bin/sh: 1: ld.lld: not found
/bin/sh: 1: ld.lld: not found
  WRAP    arch/arm64/include/generated/asm/bug.h
  CHK     include/generated/uapi/linux/version.h
  WRAP    arch/arm64/include/generated/asm/bugs.h
  WRAP    arch/arm64/include/generated/asm/clkdev.h
  UPD     include/generated/uapi/linux/version.h
  WRAP    arch/arm64/include/generated/asm/cputime.h
  WRAP    arch/arm64/include/generated/asm/current.h
  WRAP    arch/arm64/include/generated/asm/delay.h
  WRAP    arch/arm64/include/generated/asm/div64.h
  WRAP    arch/arm64/include/generated/asm/dma.h
/bin/sh: 1: ld.lld: not found
  WRAP    arch/arm64/include/generated/asm/dma-contiguous.h
  WRAP    arch/arm64/include/generated/asm/early_ioremap.h
/bin/sh: 1: ld.lld: not found
  WRAP    arch/arm64/include/generated/asm/emergency-restart.h
  HOSTCC  scripts/basic/fixdep
  WRAP    arch/arm64/include/generated/asm/errno.h
  WRAP    arch/arm64/include/generated/asm/ftrace.h
  WRAP    arch/arm64/include/generated/asm/hash.h
  WRAP    arch/arm64/include/generated/asm/hw_irq.h
  WRAP    arch/arm64/include/generated/asm/ioctl.h
  WRAP    arch/arm64/include/generated/asm/ioctls.h
  WRAP    arch/arm64/include/generated/asm/ipcbuf.h
  WRAP    arch/arm64/include/generated/asm/irq_regs.h
  WRAP    arch/arm64/include/generated/asm/kdebug.h
  WRAP    arch/arm64/include/generated/asm/kmap_types.h
  WRAP    arch/arm64/include/generated/asm/kvm_para.h
  WRAP    arch/arm64/include/generated/asm/local.h
  WRAP    arch/arm64/include/generated/asm/local64.h
  WRAP    arch/arm64/include/generated/asm/mcs_spinlock.h
  WRAP    arch/arm64/include/generated/asm/mm-arch-hooks.h
  WRAP    arch/arm64/include/generated/asm/mman.h
  WRAP    arch/arm64/include/generated/asm/msgbuf.h
  WRAP    arch/arm64/include/generated/asm/msi.h
  WRAP    arch/arm64/include/generated/asm/mutex.h
  WRAP    arch/arm64/include/generated/asm/pci.h
  WRAP    arch/arm64/include/generated/asm/pci-bridge.h
  WRAP    arch/arm64/include/generated/asm/poll.h
  WRAP    arch/arm64/include/generated/asm/preempt.h
  WRAP    arch/arm64/include/generated/asm/resource.h
  WRAP    arch/arm64/include/generated/asm/rwsem.h
  WRAP    arch/arm64/include/generated/asm/segment.h
  WRAP    arch/arm64/include/generated/asm/sembuf.h
  WRAP    arch/arm64/include/generated/asm/serial.h
  WRAP    arch/arm64/include/generated/asm/shmbuf.h
  WRAP    arch/arm64/include/generated/asm/simd.h
  WRAP    arch/arm64/include/generated/asm/sizes.h
  WRAP    arch/arm64/include/generated/asm/socket.h
  WRAP    arch/arm64/include/generated/asm/sockios.h
  WRAP    arch/arm64/include/generated/asm/swab.h
  WRAP    arch/arm64/include/generated/asm/switch_to.h
  WRAP    arch/arm64/include/generated/asm/termbits.h
  WRAP    arch/arm64/include/generated/asm/termios.h
  WRAP    arch/arm64/include/generated/asm/topology.h
  WRAP    arch/arm64/include/generated/asm/trace_clock.h
  WRAP    arch/arm64/include/generated/asm/types.h
  WRAP    arch/arm64/include/generated/asm/unaligned.h
  WRAP    arch/arm64/include/generated/asm/user.h
  WRAP    arch/arm64/include/generated/asm/vga.h
  WRAP    arch/arm64/include/generated/asm/xor.h
/bin/sh: 1: ld.lld: not found
/bin/sh: 1: ld.lld: not found
  WRAP    arch/arm64/include/generated/uapi/asm/kvm_para.h
  HOSTCC  scripts/basic/bin2c
/bin/sh: 1: ld.lld: not found
/bin/sh: 1: ld.lld: not found
/bin/sh: 1: ld.lld: not found
/bin/sh: 1: ld.lld: not found
/bin/sh: 1: ld.lld: not found
/bin/sh: 1: ld.lld: not found
/bin/sh: 1: ld.lld: not found
/bin/sh: 1: ld.lld: not found
/bin/sh: 1: ld.lld: not found
  HOSTCC  scripts/dtc/dtc.o
  HOSTCC  scripts/dtc/flattree.o
  HOSTCC  scripts/dtc/fstree.o
/bin/sh: 1: ld.lld: not found
  HOSTCC  scripts/kallsyms
  HOSTCC  scripts/genksyms/genksyms.o
/bin/sh: 1: ld.lld: not found
/bin/sh: 1: ld.lld: not found
  CC      scripts/mod/empty.o
  HOSTCC  scripts/selinux/genheaders/genheaders
/usr/bin/as: unrecognized option '-EL'
clang: error: assembler command failed with exit code 1 (use -v to see invocation)
make[3]: *** [../scripts/Makefile.build:324: scripts/mod/empty.o] Error 1
make[2]: *** [../scripts/Makefile.build:632: scripts/mod] Error 2
make[2]: *** Waiting for unfinished jobs....
  SHIPPED scripts/genksyms/parse.tab.c
  HOSTCC  scripts/dtc/data.o
/bin/sh: 1: ld.lld: not found
/bin/sh: 1: ld.lld: not found
  HOSTCC  scripts/dtc/livetree.o
  HOSTCC  scripts/dtc/treesource.o
  HOSTCC  scripts/selinux/mdp/mdp
  HOSTCC  scripts/dtc/srcpos.o
  HOSTCC  scripts/dtc/checks.o
  SHIPPED scripts/genksyms/lex.lex.c
  SHIPPED scripts/genksyms/keywords.hash.c
  HOSTCC  scripts/dtc/util.o
  SHIPPED scripts/genksyms/parse.tab.h
  HOSTCC  scripts/genksyms/parse.tab.o
  SHIPPED scripts/dtc/dtc-lexer.lex.c
  SHIPPED scripts/dtc/dtc-parser.tab.h
  SHIPPED scripts/dtc/dtc-parser.tab.c
  HOSTCC  scripts/dtc/dtc-lexer.lex.o
  HOSTCC  scripts/genksyms/lex.lex.o
  HOSTCC  scripts/dtc/dtc-parser.tab.o
  HOSTLD  scripts/dtc/dtc
  HOSTLD  scripts/genksyms/genksyms
make[1]: *** [/home/cursed4d/jandax/platina/Makefile:556: scripts] Error 2
make[1]: *** Waiting for unfinished jobs....
  UPD     include/config/kernel.release
make[1]: Leaving directory '/home/cursed4d/jandax/platina/out'
make: *** [Makefile:152: sub-make] Error 2
